{"D:\\Projects\\Front-end\\Food Delivery App\\src\\components\\Body.js": {"path":"D:\\Projects\\Front-end\\Food Delivery App\\src\\components\\Body.js","statementMap":{"0":{"start":{"line":9,"column":13},"end":{"line":82,"column":3}},"1":{"start":{"line":11,"column":83},"end":{"line":11,"column":97}},"2":{"start":{"line":12,"column":43},"end":{"line":12,"column":60}},"3":{"start":{"line":13,"column":40},"end":{"line":13,"column":52}},"4":{"start":{"line":14,"column":31},"end":{"line":14,"column":64}},"5":{"start":{"line":15,"column":39},"end":{"line":15,"column":62}},"6":{"start":{"line":17,"column":22},"end":{"line":19,"column":5}},"7":{"start":{"line":18,"column":6},"end":{"line":18,"column":41}},"8":{"start":{"line":21,"column":32},"end":{"line":25,"column":5}},"9":{"start":{"line":22,"column":27},"end":{"line":23,"column":40}},"10":{"start":{"line":23,"column":15},"end":{"line":23,"column":38}},"11":{"start":{"line":24,"column":6},"end":{"line":24,"column":41}},"12":{"start":{"line":27,"column":23},"end":{"line":29,"column":5}},"13":{"start":{"line":28,"column":6},"end":{"line":28,"column":36}},"14":{"start":{"line":30,"column":25},"end":{"line":34,"column":5}},"15":{"start":{"line":31,"column":25},"end":{"line":32,"column":7}},"16":{"start":{"line":31,"column":55},"end":{"line":31,"column":119}},"17":{"start":{"line":33,"column":6},"end":{"line":33,"column":39}},"18":{"start":{"line":35,"column":4},"end":{"line":81,"column":6}},"19":{"start":{"line":43,"column":33},"end":{"line":43,"column":60}},"20":{"start":{"line":62,"column":20},"end":{"line":62,"column":74}},"21":{"start":{"line":73,"column":18},"end":{"line":75,"column":27}}},"fnMap":{"0":{"name":"(anonymous_0)","decl":{"start":{"line":9,"column":13},"end":{"line":9,"column":14}},"loc":{"start":{"line":9,"column":19},"end":{"line":82,"column":3}},"line":9},"1":{"name":"(anonymous_1)","decl":{"start":{"line":17,"column":22},"end":{"line":17,"column":23}},"loc":{"start":{"line":17,"column":28},"end":{"line":19,"column":5}},"line":17},"2":{"name":"(anonymous_2)","decl":{"start":{"line":21,"column":32},"end":{"line":21,"column":33}},"loc":{"start":{"line":21,"column":38},"end":{"line":25,"column":5}},"line":21},"3":{"name":"(anonymous_3)","decl":{"start":{"line":23,"column":6},"end":{"line":23,"column":7}},"loc":{"start":{"line":23,"column":15},"end":{"line":23,"column":38}},"line":23},"4":{"name":"(anonymous_4)","decl":{"start":{"line":27,"column":23},"end":{"line":27,"column":24}},"loc":{"start":{"line":27,"column":30},"end":{"line":29,"column":5}},"line":27},"5":{"name":"(anonymous_5)","decl":{"start":{"line":30,"column":25},"end":{"line":30,"column":26}},"loc":{"start":{"line":30,"column":30},"end":{"line":34,"column":5}},"line":30},"6":{"name":"(anonymous_6)","decl":{"start":{"line":31,"column":46},"end":{"line":31,"column":47}},"loc":{"start":{"line":31,"column":55},"end":{"line":31,"column":119}},"line":31},"7":{"name":"(anonymous_7)","decl":{"start":{"line":43,"column":27},"end":{"line":43,"column":28}},"loc":{"start":{"line":43,"column":33},"end":{"line":43,"column":60}},"line":43},"8":{"name":"(anonymous_8)","decl":{"start":{"line":61,"column":35},"end":{"line":61,"column":36}},"loc":{"start":{"line":62,"column":20},"end":{"line":62,"column":74}},"line":62},"9":{"name":"(anonymous_9)","decl":{"start":{"line":72,"column":40},"end":{"line":72,"column":41}},"loc":{"start":{"line":73,"column":18},"end":{"line":75,"column":27}},"line":73}},"branchMap":{"0":{"loc":{"start":{"line":35,"column":12},"end":{"line":81,"column":5}},"type":"cond-expr","locations":[{"start":{"line":35,"column":80},"end":{"line":35,"column":91}},{"start":{"line":36,"column":8},"end":{"line":80,"column":14}}],"line":35},"1":{"loc":{"start":{"line":35,"column":14},"end":{"line":35,"column":74}},"type":"binary-expr","locations":[{"start":{"line":35,"column":14},"end":{"line":35,"column":44}},{"start":{"line":35,"column":49},"end":{"line":35,"column":74}}],"line":35},"2":{"loc":{"start":{"line":74,"column":21},"end":{"line":74,"column":149}},"type":"cond-expr","locations":[{"start":{"line":74,"column":65},"end":{"line":74,"column":107}},{"start":{"line":74,"column":110},"end":{"line":74,"column":149}}],"line":74}},"s":{"0":2,"1":14,"2":14,"3":14,"4":14,"5":14,"6":14,"7":1,"8":14,"9":1,"10":9,"11":1,"12":14,"13":2,"14":14,"15":2,"16":18,"17":2,"18":14,"19":0,"20":208,"21":101},"f":{"0":14,"1":1,"2":1,"3":9,"4":2,"5":2,"6":18,"7":0,"8":208,"9":101},"b":{"0":[0,14],"1":[14,0],"2":[49,52]},"_coverageSchema":"1a1c01bbd47fc00a2c39e90264f33305004495a9","hash":"e399aeb87d7d10dbd6e1ca6ec6aab8d454eb1747"}
,"D:\\Projects\\Front-end\\Food Delivery App\\src\\components\\Cart.js": {"path":"D:\\Projects\\Front-end\\Food Delivery App\\src\\components\\Cart.js","statementMap":{"0":{"start":{"line":4,"column":13},"end":{"line":31,"column":1}},"1":{"start":{"line":5,"column":22},"end":{"line":5,"column":61}},"2":{"start":{"line":5,"column":44},"end":{"line":5,"column":60}},"3":{"start":{"line":6,"column":21},"end":{"line":6,"column":34}},"4":{"start":{"line":7,"column":28},"end":{"line":9,"column":5}},"5":{"start":{"line":8,"column":8},"end":{"line":8,"column":29}},"6":{"start":{"line":10,"column":29},"end":{"line":12,"column":5}},"7":{"start":{"line":11,"column":8},"end":{"line":11,"column":32}},"8":{"start":{"line":13,"column":4},"end":{"line":30,"column":5}},"9":{"start":{"line":17,"column":122},"end":{"line":17,"column":139}},"10":{"start":{"line":20,"column":116},"end":{"line":20,"column":134}}},"fnMap":{"0":{"name":"(anonymous_0)","decl":{"start":{"line":4,"column":13},"end":{"line":4,"column":14}},"loc":{"start":{"line":4,"column":19},"end":{"line":31,"column":1}},"line":4},"1":{"name":"(anonymous_1)","decl":{"start":{"line":5,"column":34},"end":{"line":5,"column":35}},"loc":{"start":{"line":5,"column":44},"end":{"line":5,"column":60}},"line":5},"2":{"name":"(anonymous_2)","decl":{"start":{"line":7,"column":28},"end":{"line":7,"column":29}},"loc":{"start":{"line":7,"column":34},"end":{"line":9,"column":5}},"line":7},"3":{"name":"(anonymous_3)","decl":{"start":{"line":10,"column":29},"end":{"line":10,"column":30}},"loc":{"start":{"line":10,"column":35},"end":{"line":12,"column":5}},"line":10},"4":{"name":"(anonymous_4)","decl":{"start":{"line":17,"column":116},"end":{"line":17,"column":117}},"loc":{"start":{"line":17,"column":122},"end":{"line":17,"column":139}},"line":17},"5":{"name":"(anonymous_5)","decl":{"start":{"line":20,"column":110},"end":{"line":20,"column":111}},"loc":{"start":{"line":20,"column":116},"end":{"line":20,"column":134}},"line":20}},"branchMap":{"0":{"loc":{"start":{"line":24,"column":14},"end":{"line":24,"column":114}},"type":"binary-expr","locations":[{"start":{"line":24,"column":14},"end":{"line":24,"column":36}},{"start":{"line":24,"column":40},"end":{"line":24,"column":114}}],"line":24}},"s":{"0":1,"1":6,"2":10,"3":5,"4":5,"5":1,"6":5,"7":0,"8":5,"9":1,"10":0},"f":{"0":6,"1":10,"2":1,"3":0,"4":1,"5":0},"b":{"0":[5,2]},"_coverageSchema":"1a1c01bbd47fc00a2c39e90264f33305004495a9","hash":"163c871267e753489a50676a4c0e73a716227776"}
,"D:\\Projects\\Front-end\\Food Delivery App\\src\\components\\Contact.js": {"path":"D:\\Projects\\Front-end\\Food Delivery App\\src\\components\\Contact.js","statementMap":{"0":{"start":{"line":1,"column":16},"end":{"line":7,"column":1}},"1":{"start":{"line":2,"column":4},"end":{"line":6,"column":5}}},"fnMap":{"0":{"name":"(anonymous_0)","decl":{"start":{"line":1,"column":16},"end":{"line":1,"column":17}},"loc":{"start":{"line":1,"column":22},"end":{"line":7,"column":1}},"line":1}},"branchMap":{},"s":{"0":1,"1":1},"f":{"0":1},"b":{},"_coverageSchema":"1a1c01bbd47fc00a2c39e90264f33305004495a9","hash":"5eb6f6b3b474b15d9974c070fb76593a9b5d1905"}
,"D:\\Projects\\Front-end\\Food Delivery App\\src\\components\\Foodcarousel.js": {"path":"D:\\Projects\\Front-end\\Food Delivery App\\src\\components\\Foodcarousel.js","statementMap":{"0":{"start":{"line":2,"column":21},"end":{"line":11,"column":1}},"1":{"start":{"line":3,"column":24},"end":{"line":3,"column":29}},"2":{"start":{"line":4,"column":22},"end":{"line":4,"column":31}},"3":{"start":{"line":5,"column":17},"end":{"line":5,"column":32}},"4":{"start":{"line":6,"column":4},"end":{"line":10,"column":6}}},"fnMap":{"0":{"name":"(anonymous_0)","decl":{"start":{"line":2,"column":21},"end":{"line":2,"column":22}},"loc":{"start":{"line":2,"column":32},"end":{"line":11,"column":1}},"line":2}},"branchMap":{},"s":{"0":2,"1":208,"2":208,"3":208,"4":208},"f":{"0":208},"b":{},"_coverageSchema":"1a1c01bbd47fc00a2c39e90264f33305004495a9","hash":"65d3f8bac82e86fb50c3b1b0239620abb484f8d0"}
,"D:\\Projects\\Front-end\\Food Delivery App\\src\\components\\Header.js": {"path":"D:\\Projects\\Front-end\\Food Delivery App\\src\\components\\Header.js","statementMap":{"0":{"start":{"line":8,"column":15},"end":{"line":35,"column":1}},"1":{"start":{"line":9,"column":28},"end":{"line":9,"column":47}},"2":{"start":{"line":10,"column":25},"end":{"line":10,"column":42}},"3":{"start":{"line":11,"column":27},"end":{"line":11,"column":50}},"4":{"start":{"line":12,"column":22},"end":{"line":12,"column":61}},"5":{"start":{"line":12,"column":44},"end":{"line":12,"column":60}},"6":{"start":{"line":13,"column":4},"end":{"line":34,"column":6}},"7":{"start":{"line":28,"column":24},"end":{"line":28,"column":77}}},"fnMap":{"0":{"name":"(anonymous_0)","decl":{"start":{"line":8,"column":15},"end":{"line":8,"column":16}},"loc":{"start":{"line":8,"column":21},"end":{"line":35,"column":1}},"line":8},"1":{"name":"(anonymous_1)","decl":{"start":{"line":12,"column":34},"end":{"line":12,"column":35}},"loc":{"start":{"line":12,"column":44},"end":{"line":12,"column":60}},"line":12},"2":{"name":"(anonymous_2)","decl":{"start":{"line":27,"column":55},"end":{"line":27,"column":56}},"loc":{"start":{"line":27,"column":61},"end":{"line":29,"column":21}},"line":27}},"branchMap":{"0":{"loc":{"start":{"line":21,"column":58},"end":{"line":21,"column":81}},"type":"cond-expr","locations":[{"start":{"line":21,"column":73},"end":{"line":21,"column":77}},{"start":{"line":21,"column":78},"end":{"line":21,"column":81}}],"line":21},"1":{"loc":{"start":{"line":28,"column":24},"end":{"line":28,"column":76}},"type":"cond-expr","locations":[{"start":{"line":28,"column":42},"end":{"line":28,"column":58}},{"start":{"line":28,"column":61},"end":{"line":28,"column":76}}],"line":28}},"s":{"0":2,"1":11,"2":11,"3":11,"4":11,"5":20,"6":11,"7":2},"f":{"0":11,"1":20,"2":2},"b":{"0":[11,0],"1":[1,1]},"_coverageSchema":"1a1c01bbd47fc00a2c39e90264f33305004495a9","hash":"7249ce84683327fdd96ec2e8ea0809a990224e94"}
,"D:\\Projects\\Front-end\\Food Delivery App\\src\\components\\ItemList.js": {"path":"D:\\Projects\\Front-end\\Food Delivery App\\src\\components\\ItemList.js","statementMap":{"0":{"start":{"line":5,"column":17},"end":{"line":35,"column":1}},"1":{"start":{"line":6,"column":21},"end":{"line":6,"column":34}},"2":{"start":{"line":7,"column":27},"end":{"line":10,"column":5}},"3":{"start":{"line":9,"column":8},"end":{"line":9,"column":33}},"4":{"start":{"line":11,"column":4},"end":{"line":34,"column":6}},"5":{"start":{"line":14,"column":16},"end":{"line":31,"column":22}},"6":{"start":{"line":25,"column":39},"end":{"line":25,"column":59}}},"fnMap":{"0":{"name":"(anonymous_0)","decl":{"start":{"line":5,"column":17},"end":{"line":5,"column":18}},"loc":{"start":{"line":5,"column":30},"end":{"line":35,"column":1}},"line":5},"1":{"name":"(anonymous_1)","decl":{"start":{"line":7,"column":27},"end":{"line":7,"column":28}},"loc":{"start":{"line":7,"column":37},"end":{"line":10,"column":5}},"line":7},"2":{"name":"(anonymous_2)","decl":{"start":{"line":13,"column":25},"end":{"line":13,"column":26}},"loc":{"start":{"line":14,"column":16},"end":{"line":31,"column":22}},"line":14},"3":{"name":"(anonymous_3)","decl":{"start":{"line":25,"column":34},"end":{"line":25,"column":35}},"loc":{"start":{"line":25,"column":39},"end":{"line":25,"column":59}},"line":25}},"branchMap":{"0":{"loc":{"start":{"line":18,"column":39},"end":{"line":18,"column":117}},"type":"cond-expr","locations":[{"start":{"line":18,"column":61},"end":{"line":18,"column":85}},{"start":{"line":18,"column":86},"end":{"line":18,"column":117}}],"line":18}},"s":{"0":1,"1":7,"2":7,"3":2,"4":7,"5":40,"6":2},"f":{"0":7,"1":2,"2":40,"3":2},"b":{"0":[40,0]},"_coverageSchema":"1a1c01bbd47fc00a2c39e90264f33305004495a9","hash":"d9713113859e78a5deb274321255cbdedf9ccfe1"}
,"D:\\Projects\\Front-end\\Food Delivery App\\src\\components\\RestaurantCategory.js": {"path":"D:\\Projects\\Front-end\\Food Delivery App\\src\\components\\RestaurantCategory.js","statementMap":{"0":{"start":{"line":3,"column":27},"end":{"line":20,"column":1}},"1":{"start":{"line":5,"column":24},"end":{"line":7,"column":5}},"2":{"start":{"line":6,"column":8},"end":{"line":6,"column":23}},"3":{"start":{"line":8,"column":4},"end":{"line":19,"column":6}}},"fnMap":{"0":{"name":"(anonymous_0)","decl":{"start":{"line":3,"column":27},"end":{"line":3,"column":28}},"loc":{"start":{"line":3,"column":64},"end":{"line":20,"column":1}},"line":3},"1":{"name":"(anonymous_1)","decl":{"start":{"line":5,"column":24},"end":{"line":5,"column":25}},"loc":{"start":{"line":5,"column":30},"end":{"line":7,"column":5}},"line":5}},"branchMap":{"0":{"loc":{"start":{"line":13,"column":27},"end":{"line":13,"column":50}},"type":"cond-expr","locations":[{"start":{"line":13,"column":39},"end":{"line":13,"column":43}},{"start":{"line":13,"column":46},"end":{"line":13,"column":50}}],"line":13},"1":{"loc":{"start":{"line":15,"column":18},"end":{"line":15,"column":69}},"type":"binary-expr","locations":[{"start":{"line":15,"column":18},"end":{"line":15,"column":27}},{"start":{"line":15,"column":31},"end":{"line":15,"column":69}}],"line":15}},"s":{"0":1,"1":48,"2":4,"3":48},"f":{"0":48,"1":4},"b":{"0":[2,46],"1":[48,2]},"_coverageSchema":"1a1c01bbd47fc00a2c39e90264f33305004495a9","hash":"97e62e5b8aafed9796a564ab48bd6252329a4b64"}
,"D:\\Projects\\Front-end\\Food Delivery App\\src\\components\\RestaurantMenu.js": {"path":"D:\\Projects\\Front-end\\Food Delivery App\\src\\components\\RestaurantMenu.js","statementMap":{"0":{"start":{"line":6,"column":23},"end":{"line":31,"column":1}},"1":{"start":{"line":7,"column":20},"end":{"line":7,"column":31}},"2":{"start":{"line":8,"column":20},"end":{"line":8,"column":44}},"3":{"start":{"line":9,"column":36},"end":{"line":9,"column":50}},"4":{"start":{"line":11,"column":4},"end":{"line":11,"column":55}},"5":{"start":{"line":11,"column":33},"end":{"line":11,"column":55}},"6":{"start":{"line":12,"column":30},"end":{"line":12,"column":65}},"7":{"start":{"line":14,"column":23},"end":{"line":15,"column":107}},"8":{"start":{"line":15,"column":15},"end":{"line":15,"column":105}},"9":{"start":{"line":16,"column":4},"end":{"line":30,"column":5}},"10":{"start":{"line":22,"column":52},"end":{"line":27,"column":18}},"11":{"start":{"line":26,"column":39},"end":{"line":26,"column":87}}},"fnMap":{"0":{"name":"(anonymous_0)","decl":{"start":{"line":6,"column":23},"end":{"line":6,"column":24}},"loc":{"start":{"line":6,"column":29},"end":{"line":31,"column":1}},"line":6},"1":{"name":"(anonymous_1)","decl":{"start":{"line":15,"column":8},"end":{"line":15,"column":9}},"loc":{"start":{"line":15,"column":15},"end":{"line":15,"column":105}},"line":15},"2":{"name":"(anonymous_2)","decl":{"start":{"line":22,"column":32},"end":{"line":22,"column":33}},"loc":{"start":{"line":22,"column":52},"end":{"line":27,"column":18}},"line":22},"3":{"name":"(anonymous_3)","decl":{"start":{"line":26,"column":33},"end":{"line":26,"column":34}},"loc":{"start":{"line":26,"column":39},"end":{"line":26,"column":87}},"line":26}},"branchMap":{"0":{"loc":{"start":{"line":11,"column":4},"end":{"line":11,"column":55}},"type":"if","locations":[{"start":{"line":11,"column":4},"end":{"line":11,"column":55}},{"start":{},"end":{}}],"line":11},"1":{"loc":{"start":{"line":26,"column":52},"end":{"line":26,"column":86}},"type":"cond-expr","locations":[{"start":{"line":26,"column":74},"end":{"line":26,"column":78}},{"start":{"line":26,"column":81},"end":{"line":26,"column":86}}],"line":26}},"s":{"0":1,"1":8,"2":8,"3":8,"4":8,"5":2,"6":6,"7":6,"8":60,"9":6,"10":48,"11":4},"f":{"0":8,"1":60,"2":48,"3":4},"b":{"0":[2,6],"1":[2,2]},"_coverageSchema":"1a1c01bbd47fc00a2c39e90264f33305004495a9","hash":"08a38fa9fdb3d450502e65b46f3948454b899f52"}
,"D:\\Projects\\Front-end\\Food Delivery App\\src\\components\\Restaurantcard.js": {"path":"D:\\Projects\\Front-end\\Food Delivery App\\src\\components\\Restaurantcard.js","statementMap":{"0":{"start":{"line":3,"column":23},"end":{"line":19,"column":3}},"1":{"start":{"line":4,"column":24},"end":{"line":4,"column":28}},"2":{"start":{"line":5,"column":81},"end":{"line":5,"column":94}},"3":{"start":{"line":6,"column":6},"end":{"line":18,"column":8}},"4":{"start":{"line":23,"column":33},"end":{"line":33,"column":1}},"5":{"start":{"line":25,"column":2},"end":{"line":32,"column":3}},"6":{"start":{"line":26,"column":4},"end":{"line":31,"column":6}}},"fnMap":{"0":{"name":"(anonymous_0)","decl":{"start":{"line":3,"column":23},"end":{"line":3,"column":24}},"loc":{"start":{"line":3,"column":33},"end":{"line":19,"column":3}},"line":3},"1":{"name":"(anonymous_1)","decl":{"start":{"line":23,"column":33},"end":{"line":23,"column":34}},"loc":{"start":{"line":23,"column":53},"end":{"line":33,"column":1}},"line":23},"2":{"name":"(anonymous_2)","decl":{"start":{"line":25,"column":9},"end":{"line":25,"column":10}},"loc":{"start":{"line":25,"column":20},"end":{"line":32,"column":3}},"line":25}},"branchMap":{},"s":{"0":3,"1":103,"2":103,"3":103,"4":3,"5":15,"6":50},"f":{"0":103,"1":15,"2":50},"b":{},"_coverageSchema":"1a1c01bbd47fc00a2c39e90264f33305004495a9","hash":"fa51927f266bb4b45dd9a9b61ecc3719de579e9f"}
,"D:\\Projects\\Front-end\\Food Delivery App\\src\\components\\Shimmer.js": {"path":"D:\\Projects\\Front-end\\Food Delivery App\\src\\components\\Shimmer.js","statementMap":{"0":{"start":{"line":1,"column":16},"end":{"line":16,"column":1}},"1":{"start":{"line":2,"column":4},"end":{"line":15,"column":5}}},"fnMap":{"0":{"name":"(anonymous_0)","decl":{"start":{"line":1,"column":16},"end":{"line":1,"column":17}},"loc":{"start":{"line":1,"column":22},"end":{"line":16,"column":1}},"line":1}},"branchMap":{},"s":{"0":3,"1":2},"f":{"0":2},"b":{},"_coverageSchema":"1a1c01bbd47fc00a2c39e90264f33305004495a9","hash":"967a1df35493302e517dcba785f6b8dc53dc05fa"}
,"D:\\Projects\\Front-end\\Food Delivery App\\src\\components\\sum.js": {"path":"D:\\Projects\\Front-end\\Food Delivery App\\src\\components\\sum.js","statementMap":{"0":{"start":{"line":1,"column":19},"end":{"line":3,"column":1}},"1":{"start":{"line":2,"column":4},"end":{"line":2,"column":15}}},"fnMap":{"0":{"name":"(anonymous_0)","decl":{"start":{"line":1,"column":19},"end":{"line":1,"column":20}},"loc":{"start":{"line":1,"column":32},"end":{"line":3,"column":1}},"line":1}},"branchMap":{},"s":{"0":1,"1":1},"f":{"0":1},"b":{},"_coverageSchema":"1a1c01bbd47fc00a2c39e90264f33305004495a9","hash":"1831f0dd9e9ef0eade68ae33ecc28a65d896777f"}
,"D:\\Projects\\Front-end\\Food Delivery App\\src\\utils\\UserContext.js": {"path":"D:\\Projects\\Front-end\\Food Delivery App\\src\\utils\\UserContext.js","statementMap":{"0":{"start":{"line":2,"column":20},"end":{"line":6,"column":1}}},"fnMap":{},"branchMap":{},"s":{"0":4},"f":{},"b":{},"_coverageSchema":"1a1c01bbd47fc00a2c39e90264f33305004495a9","hash":"48f66e91ffb393a5bb4398b48d0f652bfc98dcb2"}
,"D:\\Projects\\Front-end\\Food Delivery App\\src\\utils\\appStore.js": {"path":"D:\\Projects\\Front-end\\Food Delivery App\\src\\utils\\appStore.js","statementMap":{"0":{"start":{"line":3,"column":17},"end":{"line":7,"column":2}}},"fnMap":{},"branchMap":{},"s":{"0":2},"f":{},"b":{},"_coverageSchema":"1a1c01bbd47fc00a2c39e90264f33305004495a9","hash":"d149ca6ab32afcf5b5aabd41faf3aa3f77bc5d09"}
,"D:\\Projects\\Front-end\\Food Delivery App\\src\\utils\\cartSlice.js": {"path":"D:\\Projects\\Front-end\\Food Delivery App\\src\\utils\\cartSlice.js","statementMap":{"0":{"start":{"line":3,"column":18},"end":{"line":23,"column":1}},"1":{"start":{"line":12,"column":16},"end":{"line":12,"column":49}},"2":{"start":{"line":15,"column":16},"end":{"line":15,"column":34}},"3":{"start":{"line":19,"column":16},"end":{"line":19,"column":39}},"4":{"start":{"line":24,"column":49},"end":{"line":24,"column":66}}},"fnMap":{"0":{"name":"(anonymous_0)","decl":{"start":{"line":11,"column":23},"end":{"line":11,"column":24}},"loc":{"start":{"line":11,"column":41},"end":{"line":13,"column":13}},"line":11},"1":{"name":"(anonymous_1)","decl":{"start":{"line":14,"column":24},"end":{"line":14,"column":25}},"loc":{"start":{"line":14,"column":34},"end":{"line":17,"column":13}},"line":14},"2":{"name":"(anonymous_2)","decl":{"start":{"line":18,"column":23},"end":{"line":18,"column":24}},"loc":{"start":{"line":18,"column":34},"end":{"line":20,"column":13}},"line":18}},"branchMap":{},"s":{"0":2,"1":2,"2":0,"3":1,"4":2},"f":{"0":2,"1":0,"2":1},"b":{},"_coverageSchema":"1a1c01bbd47fc00a2c39e90264f33305004495a9","hash":"a0c03940f4e98e0d4a405758cdd61f1291d58e8f"}
,"D:\\Projects\\Front-end\\Food Delivery App\\src\\utils\\constants.js": {"path":"D:\\Projects\\Front-end\\Food Delivery App\\src\\utils\\constants.js","statementMap":{"0":{"start":{"line":2,"column":2},"end":{"line":2,"column":130}},"1":{"start":{"line":4,"column":23},"end":{"line":4,"column":106}},"2":{"start":{"line":5,"column":26},"end":{"line":5,"column":160}},"3":{"start":{"line":6,"column":32},"end":{"line":6,"column":85}},"4":{"start":{"line":7,"column":28},"end":{"line":7,"column":117}},"5":{"start":{"line":8,"column":24},"end":{"line":8,"column":147}},"6":{"start":{"line":9,"column":24},"end":{"line":9,"column":119}}},"fnMap":{},"branchMap":{},"s":{"0":5,"1":5,"2":5,"3":5,"4":5,"5":5,"6":5},"f":{},"b":{},"_coverageSchema":"1a1c01bbd47fc00a2c39e90264f33305004495a9","hash":"36f41c6ad21f0bd6d75a4bf3c2fb8620cbc030d0"}
,"D:\\Projects\\Front-end\\Food Delivery App\\src\\utils\\mockData.js": {"path":"D:\\Projects\\Front-end\\Food Delivery App\\src\\utils\\mockData.js","statementMap":{"0":{"start":{"line":2,"column":20},"end":{"line":197,"column":1}},"1":{"start":{"line":200,"column":28},"end":{"line":327,"column":1}}},"fnMap":{},"branchMap":{},"s":{"0":3,"1":3},"f":{},"b":{},"_coverageSchema":"1a1c01bbd47fc00a2c39e90264f33305004495a9","hash":"e07f20ec7b10c86aebb8d93ce0a583bdb320487f"}
,"D:\\Projects\\Front-end\\Food Delivery App\\src\\utils\\useFoodCarousel.js": {"path":"D:\\Projects\\Front-end\\Food Delivery App\\src\\utils\\useFoodCarousel.js","statementMap":{"0":{"start":{"line":4,"column":24},"end":{"line":23,"column":1}},"1":{"start":{"line":5,"column":43},"end":{"line":5,"column":65}},"2":{"start":{"line":6,"column":4},"end":{"line":20,"column":11}},"3":{"start":{"line":7,"column":26},"end":{"line":16,"column":9}},"4":{"start":{"line":8,"column":12},"end":{"line":15,"column":13}},"5":{"start":{"line":9,"column":30},"end":{"line":9,"column":53}},"6":{"start":{"line":10,"column":29},"end":{"line":10,"column":46}},"7":{"start":{"line":11,"column":16},"end":{"line":11,"column":101}},"8":{"start":{"line":14,"column":16},"end":{"line":14,"column":61}},"9":{"start":{"line":18,"column":8},"end":{"line":18,"column":20}},"10":{"start":{"line":22,"column":4},"end":{"line":22,"column":42}},"11":{"start":{"line":24,"column":31},"end":{"line":24,"column":33}}},"fnMap":{"0":{"name":"(anonymous_0)","decl":{"start":{"line":4,"column":24},"end":{"line":4,"column":25}},"loc":{"start":{"line":4,"column":30},"end":{"line":23,"column":1}},"line":4},"1":{"name":"(anonymous_1)","decl":{"start":{"line":6,"column":14},"end":{"line":6,"column":15}},"loc":{"start":{"line":6,"column":20},"end":{"line":20,"column":5}},"line":6},"2":{"name":"(anonymous_2)","decl":{"start":{"line":7,"column":26},"end":{"line":7,"column":27}},"loc":{"start":{"line":7,"column":38},"end":{"line":16,"column":9}},"line":7}},"branchMap":{},"s":{"0":2,"1":14,"2":14,"3":4,"4":4,"5":4,"6":4,"7":4,"8":0,"9":4,"10":14,"11":2},"f":{"0":14,"1":4,"2":4},"b":{},"_coverageSchema":"1a1c01bbd47fc00a2c39e90264f33305004495a9","hash":"963b2140545c27e027ab137da755425f147a441e"}
,"D:\\Projects\\Front-end\\Food Delivery App\\src\\utils\\useListofRes.js": {"path":"D:\\Projects\\Front-end\\Food Delivery App\\src\\utils\\useListofRes.js","statementMap":{"0":{"start":{"line":5,"column":21},"end":{"line":23,"column":1}},"1":{"start":{"line":6,"column":43},"end":{"line":6,"column":57}},"2":{"start":{"line":7,"column":54},"end":{"line":7,"column":68}},"3":{"start":{"line":8,"column":4},"end":{"line":20,"column":11}},"4":{"start":{"line":10,"column":12},"end":{"line":17,"column":13}},"5":{"start":{"line":11,"column":30},"end":{"line":11,"column":53}},"6":{"start":{"line":12,"column":29},"end":{"line":12,"column":46}},"7":{"start":{"line":13,"column":16},"end":{"line":13,"column":108}},"8":{"start":{"line":14,"column":16},"end":{"line":14,"column":113}},"9":{"start":{"line":16,"column":16},"end":{"line":16,"column":61}},"10":{"start":{"line":19,"column":8},"end":{"line":19,"column":20}},"11":{"start":{"line":22,"column":4},"end":{"line":22,"column":81}}},"fnMap":{"0":{"name":"(anonymous_0)","decl":{"start":{"line":5,"column":21},"end":{"line":5,"column":22}},"loc":{"start":{"line":5,"column":27},"end":{"line":23,"column":1}},"line":5},"1":{"name":"(anonymous_1)","decl":{"start":{"line":8,"column":14},"end":{"line":8,"column":15}},"loc":{"start":{"line":8,"column":20},"end":{"line":20,"column":5}},"line":8},"2":{"name":"fetchData","decl":{"start":{"line":9,"column":23},"end":{"line":9,"column":32}},"loc":{"start":{"line":9,"column":35},"end":{"line":18,"column":9}},"line":9}},"branchMap":{},"s":{"0":2,"1":14,"2":14,"3":14,"4":4,"5":4,"6":4,"7":4,"8":4,"9":0,"10":4,"11":14},"f":{"0":14,"1":4,"2":4},"b":{},"_coverageSchema":"1a1c01bbd47fc00a2c39e90264f33305004495a9","hash":"032b145b02e026a57e7c3d7202eecdec97f9bca9"}
,"D:\\Projects\\Front-end\\Food Delivery App\\src\\utils\\useOnlineStatus.js": {"path":"D:\\Projects\\Front-end\\Food Delivery App\\src\\utils\\useOnlineStatus.js","statementMap":{"0":{"start":{"line":2,"column":24},"end":{"line":13,"column":1}},"1":{"start":{"line":3,"column":44},"end":{"line":3,"column":58}},"2":{"start":{"line":4,"column":4},"end":{"line":11,"column":10}},"3":{"start":{"line":5,"column":8},"end":{"line":7,"column":10}},"4":{"start":{"line":6,"column":12},"end":{"line":6,"column":35}},"5":{"start":{"line":8,"column":8},"end":{"line":10,"column":11}},"6":{"start":{"line":9,"column":12},"end":{"line":9,"column":34}},"7":{"start":{"line":12,"column":4},"end":{"line":12,"column":24}}},"fnMap":{"0":{"name":"(anonymous_0)","decl":{"start":{"line":2,"column":24},"end":{"line":2,"column":25}},"loc":{"start":{"line":2,"column":30},"end":{"line":13,"column":1}},"line":2},"1":{"name":"(anonymous_1)","decl":{"start":{"line":4,"column":15},"end":{"line":4,"column":16}},"loc":{"start":{"line":4,"column":20},"end":{"line":11,"column":5}},"line":4},"2":{"name":"(anonymous_2)","decl":{"start":{"line":5,"column":43},"end":{"line":5,"column":44}},"loc":{"start":{"line":5,"column":49},"end":{"line":7,"column":9}},"line":5},"3":{"name":"(anonymous_3)","decl":{"start":{"line":8,"column":42},"end":{"line":8,"column":43}},"loc":{"start":{"line":8,"column":47},"end":{"line":10,"column":9}},"line":8}},"branchMap":{},"s":{"0":2,"1":11,"2":11,"3":6,"4":0,"5":6,"6":0,"7":11},"f":{"0":11,"1":6,"2":0,"3":0},"b":{},"_coverageSchema":"1a1c01bbd47fc00a2c39e90264f33305004495a9","hash":"c8ec0faa08d76fc1c8f0102cf1e755b43ac683a3"}
,"D:\\Projects\\Front-end\\Food Delivery App\\src\\utils\\useRestauranMenu.js": {"path":"D:\\Projects\\Front-end\\Food Delivery App\\src\\utils\\useRestauranMenu.js","statementMap":{"0":{"start":{"line":4,"column":26},"end":{"line":21,"column":1}},"1":{"start":{"line":5,"column":34},"end":{"line":5,"column":46}},"2":{"start":{"line":7,"column":4},"end":{"line":18,"column":16}},"3":{"start":{"line":8,"column":26},"end":{"line":16,"column":9}},"4":{"start":{"line":9,"column":12},"end":{"line":15,"column":13}},"5":{"start":{"line":10,"column":29},"end":{"line":10,"column":58}},"6":{"start":{"line":11,"column":29},"end":{"line":11,"column":46}},"7":{"start":{"line":12,"column":16},"end":{"line":12,"column":39}},"8":{"start":{"line":14,"column":16},"end":{"line":14,"column":72}},"9":{"start":{"line":17,"column":8},"end":{"line":17,"column":20}},"10":{"start":{"line":20,"column":4},"end":{"line":20,"column":19}}},"fnMap":{"0":{"name":"(anonymous_0)","decl":{"start":{"line":4,"column":26},"end":{"line":4,"column":27}},"loc":{"start":{"line":4,"column":37},"end":{"line":21,"column":1}},"line":4},"1":{"name":"(anonymous_1)","decl":{"start":{"line":7,"column":14},"end":{"line":7,"column":15}},"loc":{"start":{"line":7,"column":20},"end":{"line":18,"column":5}},"line":7},"2":{"name":"(anonymous_2)","decl":{"start":{"line":8,"column":26},"end":{"line":8,"column":27}},"loc":{"start":{"line":8,"column":38},"end":{"line":16,"column":9}},"line":8}},"branchMap":{},"s":{"0":1,"1":8,"2":8,"3":2,"4":2,"5":2,"6":2,"7":2,"8":0,"9":2,"10":8},"f":{"0":8,"1":2,"2":2},"b":{},"_coverageSchema":"1a1c01bbd47fc00a2c39e90264f33305004495a9","hash":"3d38808ea6c5f033befdbf8a3c13185fa208bb24"}
}
