{"D:\\Projects\\Front-end\\React\\src\\components\\Contact.js": {"path":"D:\\Projects\\Front-end\\React\\src\\components\\Contact.js","statementMap":{"0":{"start":{"line":1,"column":16},"end":{"line":7,"column":1}},"1":{"start":{"line":2,"column":4},"end":{"line":6,"column":5}}},"fnMap":{"0":{"name":"(anonymous_0)","decl":{"start":{"line":1,"column":16},"end":{"line":1,"column":17}},"loc":{"start":{"line":1,"column":22},"end":{"line":7,"column":1}},"line":1}},"branchMap":{},"s":{"0":1,"1":1},"f":{"0":1},"b":{},"_coverageSchema":"1a1c01bbd47fc00a2c39e90264f33305004495a9","hash":"40b4939edfece8ed2fa9436628f97f3ab4b0c95c"}
,"D:\\Projects\\Front-end\\React\\src\\components\\Header.js": {"path":"D:\\Projects\\Front-end\\React\\src\\components\\Header.js","statementMap":{"0":{"start":{"line":8,"column":15},"end":{"line":35,"column":1}},"1":{"start":{"line":9,"column":28},"end":{"line":9,"column":47}},"2":{"start":{"line":10,"column":25},"end":{"line":10,"column":42}},"3":{"start":{"line":11,"column":27},"end":{"line":11,"column":50}},"4":{"start":{"line":12,"column":22},"end":{"line":12,"column":61}},"5":{"start":{"line":12,"column":44},"end":{"line":12,"column":60}},"6":{"start":{"line":13,"column":4},"end":{"line":34,"column":6}},"7":{"start":{"line":28,"column":24},"end":{"line":28,"column":77}}},"fnMap":{"0":{"name":"(anonymous_0)","decl":{"start":{"line":8,"column":15},"end":{"line":8,"column":16}},"loc":{"start":{"line":8,"column":21},"end":{"line":35,"column":1}},"line":8},"1":{"name":"(anonymous_1)","decl":{"start":{"line":12,"column":34},"end":{"line":12,"column":35}},"loc":{"start":{"line":12,"column":44},"end":{"line":12,"column":60}},"line":12},"2":{"name":"(anonymous_2)","decl":{"start":{"line":27,"column":55},"end":{"line":27,"column":56}},"loc":{"start":{"line":27,"column":61},"end":{"line":29,"column":21}},"line":27}},"branchMap":{"0":{"loc":{"start":{"line":21,"column":58},"end":{"line":21,"column":81}},"type":"cond-expr","locations":[{"start":{"line":21,"column":73},"end":{"line":21,"column":77}},{"start":{"line":21,"column":78},"end":{"line":21,"column":81}}],"line":21},"1":{"loc":{"start":{"line":28,"column":24},"end":{"line":28,"column":76}},"type":"cond-expr","locations":[{"start":{"line":28,"column":42},"end":{"line":28,"column":58}},{"start":{"line":28,"column":61},"end":{"line":28,"column":76}}],"line":28}},"s":{"0":1,"1":6,"2":6,"3":6,"4":6,"5":10,"6":6,"7":2},"f":{"0":6,"1":10,"2":2},"b":{"0":[6,0],"1":[1,1]},"_coverageSchema":"1a1c01bbd47fc00a2c39e90264f33305004495a9","hash":"d79adf7cffa10e2d61aaabfa6bf193d29bc4429f"}
,"D:\\Projects\\Front-end\\React\\src\\components\\Restaurantcard.js": {"path":"D:\\Projects\\Front-end\\React\\src\\components\\Restaurantcard.js","statementMap":{"0":{"start":{"line":3,"column":23},"end":{"line":19,"column":3}},"1":{"start":{"line":4,"column":24},"end":{"line":4,"column":28}},"2":{"start":{"line":5,"column":81},"end":{"line":5,"column":94}},"3":{"start":{"line":6,"column":6},"end":{"line":18,"column":8}},"4":{"start":{"line":23,"column":33},"end":{"line":33,"column":1}},"5":{"start":{"line":25,"column":2},"end":{"line":32,"column":3}},"6":{"start":{"line":26,"column":4},"end":{"line":31,"column":6}}},"fnMap":{"0":{"name":"(anonymous_0)","decl":{"start":{"line":3,"column":23},"end":{"line":3,"column":24}},"loc":{"start":{"line":3,"column":33},"end":{"line":19,"column":3}},"line":3},"1":{"name":"(anonymous_1)","decl":{"start":{"line":23,"column":33},"end":{"line":23,"column":34}},"loc":{"start":{"line":23,"column":53},"end":{"line":33,"column":1}},"line":23},"2":{"name":"(anonymous_2)","decl":{"start":{"line":25,"column":9},"end":{"line":25,"column":10}},"loc":{"start":{"line":25,"column":20},"end":{"line":32,"column":3}},"line":25}},"branchMap":{},"s":{"0":1,"1":2,"2":2,"3":2,"4":1,"5":1,"6":1},"f":{"0":2,"1":1,"2":1},"b":{},"_coverageSchema":"1a1c01bbd47fc00a2c39e90264f33305004495a9","hash":"9e4c8e5b852fbfac3bb0a87a1716609d02f69c20"}
,"D:\\Projects\\Front-end\\React\\src\\components\\sum.js": {"path":"D:\\Projects\\Front-end\\React\\src\\components\\sum.js","statementMap":{"0":{"start":{"line":1,"column":19},"end":{"line":3,"column":1}},"1":{"start":{"line":2,"column":4},"end":{"line":2,"column":15}}},"fnMap":{"0":{"name":"(anonymous_0)","decl":{"start":{"line":1,"column":19},"end":{"line":1,"column":20}},"loc":{"start":{"line":1,"column":32},"end":{"line":3,"column":1}},"line":1}},"branchMap":{},"s":{"0":1,"1":1},"f":{"0":1},"b":{},"_coverageSchema":"1a1c01bbd47fc00a2c39e90264f33305004495a9","hash":"dd5b32d77ac7eae4742dc76fa690f3c97857b36f"}
,"D:\\Projects\\Front-end\\React\\src\\utils\\UserContext.js": {"path":"D:\\Projects\\Front-end\\React\\src\\utils\\UserContext.js","statementMap":{"0":{"start":{"line":2,"column":20},"end":{"line":6,"column":1}}},"fnMap":{},"branchMap":{},"s":{"0":1},"f":{},"b":{},"_coverageSchema":"1a1c01bbd47fc00a2c39e90264f33305004495a9","hash":"24ee382ff4a8abc3d9101b43ffecd353f3b7ae08"}
,"D:\\Projects\\Front-end\\React\\src\\utils\\appStore.js": {"path":"D:\\Projects\\Front-end\\React\\src\\utils\\appStore.js","statementMap":{"0":{"start":{"line":3,"column":17},"end":{"line":7,"column":2}}},"fnMap":{},"branchMap":{},"s":{"0":1},"f":{},"b":{},"_coverageSchema":"1a1c01bbd47fc00a2c39e90264f33305004495a9","hash":"b7a06cc4a64ba013b54f3b63cf79ee6a792db0bd"}
,"D:\\Projects\\Front-end\\React\\src\\utils\\cartSlice.js": {"path":"D:\\Projects\\Front-end\\React\\src\\utils\\cartSlice.js","statementMap":{"0":{"start":{"line":3,"column":18},"end":{"line":25,"column":1}},"1":{"start":{"line":12,"column":16},"end":{"line":12,"column":49}},"2":{"start":{"line":13,"column":16},"end":{"line":13,"column":49}},"3":{"start":{"line":16,"column":16},"end":{"line":16,"column":34}},"4":{"start":{"line":17,"column":16},"end":{"line":17,"column":49}},"5":{"start":{"line":21,"column":16},"end":{"line":21,"column":39}},"6":{"start":{"line":26,"column":49},"end":{"line":26,"column":66}}},"fnMap":{"0":{"name":"(anonymous_0)","decl":{"start":{"line":11,"column":23},"end":{"line":11,"column":24}},"loc":{"start":{"line":11,"column":41},"end":{"line":14,"column":13}},"line":11},"1":{"name":"(anonymous_1)","decl":{"start":{"line":15,"column":24},"end":{"line":15,"column":25}},"loc":{"start":{"line":15,"column":34},"end":{"line":19,"column":13}},"line":15},"2":{"name":"(anonymous_2)","decl":{"start":{"line":20,"column":23},"end":{"line":20,"column":24}},"loc":{"start":{"line":20,"column":34},"end":{"line":22,"column":13}},"line":20}},"branchMap":{},"s":{"0":1,"1":0,"2":0,"3":0,"4":0,"5":0,"6":1},"f":{"0":0,"1":0,"2":0},"b":{},"_coverageSchema":"1a1c01bbd47fc00a2c39e90264f33305004495a9","hash":"712518882c401af2fa3b58223924443cbcfd37aa"}
,"D:\\Projects\\Front-end\\React\\src\\utils\\constants.js": {"path":"D:\\Projects\\Front-end\\React\\src\\utils\\constants.js","statementMap":{"0":{"start":{"line":2,"column":2},"end":{"line":2,"column":130}},"1":{"start":{"line":4,"column":23},"end":{"line":4,"column":106}},"2":{"start":{"line":5,"column":26},"end":{"line":5,"column":160}},"3":{"start":{"line":6,"column":32},"end":{"line":6,"column":85}},"4":{"start":{"line":7,"column":28},"end":{"line":7,"column":117}},"5":{"start":{"line":8,"column":24},"end":{"line":8,"column":147}},"6":{"start":{"line":9,"column":24},"end":{"line":9,"column":119}}},"fnMap":{},"branchMap":{},"s":{"0":2,"1":2,"2":2,"3":2,"4":2,"5":2,"6":2},"f":{},"b":{},"_coverageSchema":"1a1c01bbd47fc00a2c39e90264f33305004495a9","hash":"7f7fcf72a633b76e5c4d45d82e6a53224cd83b65"}
,"D:\\Projects\\Front-end\\React\\src\\utils\\mockData.js": {"path":"D:\\Projects\\Front-end\\React\\src\\utils\\mockData.js","statementMap":{"0":{"start":{"line":2,"column":23},"end":{"line":937,"column":4}},"1":{"start":{"line":939,"column":20},"end":{"line":1030,"column":1}}},"fnMap":{},"branchMap":{},"s":{"0":1,"1":1},"f":{},"b":{},"_coverageSchema":"1a1c01bbd47fc00a2c39e90264f33305004495a9","hash":"798d0a673bb0e08c94f48606d364ea41099a517f"}
,"D:\\Projects\\Front-end\\React\\src\\utils\\useOnlineStatus.js": {"path":"D:\\Projects\\Front-end\\React\\src\\utils\\useOnlineStatus.js","statementMap":{"0":{"start":{"line":2,"column":24},"end":{"line":13,"column":1}},"1":{"start":{"line":3,"column":44},"end":{"line":3,"column":58}},"2":{"start":{"line":4,"column":4},"end":{"line":11,"column":10}},"3":{"start":{"line":5,"column":8},"end":{"line":7,"column":10}},"4":{"start":{"line":6,"column":12},"end":{"line":6,"column":35}},"5":{"start":{"line":8,"column":8},"end":{"line":10,"column":11}},"6":{"start":{"line":9,"column":12},"end":{"line":9,"column":34}},"7":{"start":{"line":12,"column":4},"end":{"line":12,"column":24}}},"fnMap":{"0":{"name":"(anonymous_0)","decl":{"start":{"line":2,"column":24},"end":{"line":2,"column":25}},"loc":{"start":{"line":2,"column":30},"end":{"line":13,"column":1}},"line":2},"1":{"name":"(anonymous_1)","decl":{"start":{"line":4,"column":15},"end":{"line":4,"column":16}},"loc":{"start":{"line":4,"column":20},"end":{"line":11,"column":5}},"line":4},"2":{"name":"(anonymous_2)","decl":{"start":{"line":5,"column":43},"end":{"line":5,"column":44}},"loc":{"start":{"line":5,"column":49},"end":{"line":7,"column":9}},"line":5},"3":{"name":"(anonymous_3)","decl":{"start":{"line":8,"column":42},"end":{"line":8,"column":43}},"loc":{"start":{"line":8,"column":47},"end":{"line":10,"column":9}},"line":8}},"branchMap":{},"s":{"0":1,"1":6,"2":6,"3":4,"4":0,"5":4,"6":0,"7":6},"f":{"0":6,"1":4,"2":0,"3":0},"b":{},"_coverageSchema":"1a1c01bbd47fc00a2c39e90264f33305004495a9","hash":"9083daf74d8c7a9fabd0fd563abebc0cca71af50"}
}
