TN:
SF:src\components\Body.js
FN:9,(anonymous_0)
FN:17,(anonymous_1)
FN:21,(anonymous_2)
FN:23,(anonymous_3)
FN:27,(anonymous_4)
FN:30,(anonymous_5)
FN:31,(anonymous_6)
FN:43,(anonymous_7)
FN:61,(anonymous_8)
FN:72,(anonymous_9)
FNF:10
FNH:9
FNDA:14,(anonymous_0)
FNDA:1,(anonymous_1)
FNDA:1,(anonymous_2)
FNDA:9,(anonymous_3)
FNDA:2,(anonymous_4)
FNDA:2,(anonymous_5)
FNDA:18,(anonymous_6)
FNDA:0,(anonymous_7)
FNDA:208,(anonymous_8)
FNDA:101,(anonymous_9)
DA:9,2
DA:11,14
DA:12,14
DA:13,14
DA:14,14
DA:15,14
DA:17,14
DA:18,1
DA:21,14
DA:22,1
DA:23,9
DA:24,1
DA:27,14
DA:28,2
DA:30,14
DA:31,18
DA:33,2
DA:35,14
DA:43,0
DA:62,208
DA:73,101
LF:21
LH:20
BRDA:35,0,0,0
BRDA:35,0,1,14
BRDA:35,1,0,14
BRDA:35,1,1,0
BRDA:74,2,0,49
BRDA:74,2,1,52
BRF:6
BRH:4
end_of_record
TN:
SF:src\components\Cart.js
FN:4,(anonymous_0)
FN:5,(anonymous_1)
FN:7,(anonymous_2)
FN:10,(anonymous_3)
FN:17,(anonymous_4)
FN:20,(anonymous_5)
FNF:6
FNH:4
FNDA:6,(anonymous_0)
FNDA:10,(anonymous_1)
FNDA:1,(anonymous_2)
FNDA:0,(anonymous_3)
FNDA:1,(anonymous_4)
FNDA:0,(anonymous_5)
DA:4,1
DA:5,10
DA:6,5
DA:7,5
DA:8,1
DA:10,5
DA:11,0
DA:13,5
DA:17,1
DA:20,0
LF:10
LH:8
BRDA:24,0,0,5
BRDA:24,0,1,2
BRF:2
BRH:2
end_of_record
TN:
SF:src\components\Contact.js
FN:1,(anonymous_0)
FNF:1
FNH:1
FNDA:1,(anonymous_0)
DA:1,1
DA:2,1
LF:2
LH:2
BRF:0
BRH:0
end_of_record
TN:
SF:src\components\Foodcarousel.js
FN:2,(anonymous_0)
FNF:1
FNH:1
FNDA:208,(anonymous_0)
DA:2,2
DA:3,208
DA:4,208
DA:5,208
DA:6,208
LF:5
LH:5
BRF:0
BRH:0
end_of_record
TN:
SF:src\components\Header.js
FN:8,(anonymous_0)
FN:12,(anonymous_1)
FN:27,(anonymous_2)
FNF:3
FNH:3
FNDA:11,(anonymous_0)
FNDA:20,(anonymous_1)
FNDA:2,(anonymous_2)
DA:8,2
DA:9,11
DA:10,11
DA:11,11
DA:12,20
DA:13,11
DA:28,2
LF:7
LH:7
BRDA:21,0,0,11
BRDA:21,0,1,0
BRDA:28,1,0,1
BRDA:28,1,1,1
BRF:4
BRH:3
end_of_record
TN:
SF:src\components\ItemList.js
FN:5,(anonymous_0)
FN:7,(anonymous_1)
FN:13,(anonymous_2)
FN:25,(anonymous_3)
FNF:4
FNH:4
FNDA:7,(anonymous_0)
FNDA:2,(anonymous_1)
FNDA:40,(anonymous_2)
FNDA:2,(anonymous_3)
DA:5,1
DA:6,7
DA:7,7
DA:9,2
DA:11,7
DA:14,40
DA:25,2
LF:7
LH:7
BRDA:18,0,0,40
BRDA:18,0,1,0
BRF:2
BRH:1
end_of_record
TN:
SF:src\components\RestaurantCategory.js
FN:3,(anonymous_0)
FN:5,(anonymous_1)
FNF:2
FNH:2
FNDA:48,(anonymous_0)
FNDA:4,(anonymous_1)
DA:3,1
DA:5,48
DA:6,4
DA:8,48
LF:4
LH:4
BRDA:13,0,0,2
BRDA:13,0,1,46
BRDA:15,1,0,48
BRDA:15,1,1,2
BRF:4
BRH:4
end_of_record
TN:
SF:src\components\RestaurantMenu.js
FN:6,(anonymous_0)
FN:15,(anonymous_1)
FN:22,(anonymous_2)
FN:26,(anonymous_3)
FNF:4
FNH:4
FNDA:8,(anonymous_0)
FNDA:60,(anonymous_1)
FNDA:48,(anonymous_2)
FNDA:4,(anonymous_3)
DA:6,1
DA:7,8
DA:8,8
DA:9,8
DA:11,8
DA:12,6
DA:14,6
DA:15,60
DA:16,6
DA:22,48
DA:26,4
LF:11
LH:11
BRDA:11,0,0,2
BRDA:11,0,1,6
BRDA:26,1,0,2
BRDA:26,1,1,2
BRF:4
BRH:4
end_of_record
TN:
SF:src\components\Restaurantcard.js
FN:3,(anonymous_0)
FN:23,(anonymous_1)
FN:25,(anonymous_2)
FNF:3
FNH:3
FNDA:103,(anonymous_0)
FNDA:15,(anonymous_1)
FNDA:50,(anonymous_2)
DA:3,3
DA:4,103
DA:5,103
DA:6,103
DA:23,3
DA:25,15
DA:26,50
LF:7
LH:7
BRF:0
BRH:0
end_of_record
TN:
SF:src\components\Shimmer.js
FN:1,(anonymous_0)
FNF:1
FNH:1
FNDA:2,(anonymous_0)
DA:1,3
DA:2,2
LF:2
LH:2
BRF:0
BRH:0
end_of_record
TN:
SF:src\components\sum.js
FN:1,(anonymous_0)
FNF:1
FNH:1
FNDA:1,(anonymous_0)
DA:1,1
DA:2,1
LF:2
LH:2
BRF:0
BRH:0
end_of_record
TN:
SF:src\utils\UserContext.js
FNF:0
FNH:0
DA:2,4
LF:1
LH:1
BRF:0
BRH:0
end_of_record
TN:
SF:src\utils\appStore.js
FNF:0
FNH:0
DA:3,2
LF:1
LH:1
BRF:0
BRH:0
end_of_record
TN:
SF:src\utils\cartSlice.js
FN:11,(anonymous_0)
FN:14,(anonymous_1)
FN:18,(anonymous_2)
FNF:3
FNH:2
FNDA:2,(anonymous_0)
FNDA:0,(anonymous_1)
FNDA:1,(anonymous_2)
DA:3,2
DA:12,2
DA:15,0
DA:19,1
DA:24,2
LF:5
LH:4
BRF:0
BRH:0
end_of_record
TN:
SF:src\utils\constants.js
FNF:0
FNH:0
DA:2,5
DA:4,5
DA:5,5
DA:6,5
DA:7,5
DA:8,5
DA:9,5
LF:7
LH:7
BRF:0
BRH:0
end_of_record
TN:
SF:src\utils\mockData.js
FNF:0
FNH:0
DA:2,3
DA:200,3
LF:2
LH:2
BRF:0
BRH:0
end_of_record
TN:
SF:src\utils\useFoodCarousel.js
FN:4,(anonymous_0)
FN:6,(anonymous_1)
FN:7,(anonymous_2)
FNF:3
FNH:3
FNDA:14,(anonymous_0)
FNDA:4,(anonymous_1)
FNDA:4,(anonymous_2)
DA:4,2
DA:5,14
DA:6,14
DA:7,4
DA:8,4
DA:9,4
DA:10,4
DA:11,4
DA:14,0
DA:18,4
DA:22,14
DA:24,2
LF:12
LH:11
BRF:0
BRH:0
end_of_record
TN:
SF:src\utils\useListofRes.js
FN:5,(anonymous_0)
FN:8,(anonymous_1)
FN:9,fetchData
FNF:3
FNH:3
FNDA:14,(anonymous_0)
FNDA:4,(anonymous_1)
FNDA:4,fetchData
DA:5,2
DA:6,14
DA:7,14
DA:8,14
DA:10,4
DA:11,4
DA:12,4
DA:13,4
DA:14,4
DA:16,0
DA:19,4
DA:22,14
LF:12
LH:11
BRF:0
BRH:0
end_of_record
TN:
SF:src\utils\useOnlineStatus.js
FN:2,(anonymous_0)
FN:4,(anonymous_1)
FN:5,(anonymous_2)
FN:8,(anonymous_3)
FNF:4
FNH:2
FNDA:11,(anonymous_0)
FNDA:6,(anonymous_1)
FNDA:0,(anonymous_2)
FNDA:0,(anonymous_3)
DA:2,2
DA:3,11
DA:4,11
DA:5,6
DA:6,0
DA:8,6
DA:9,0
DA:12,11
LF:8
LH:6
BRF:0
BRH:0
end_of_record
TN:
SF:src\utils\useRestauranMenu.js
FN:4,(anonymous_0)
FN:7,(anonymous_1)
FN:8,(anonymous_2)
FNF:3
FNH:3
FNDA:8,(anonymous_0)
FNDA:2,(anonymous_1)
FNDA:2,(anonymous_2)
DA:4,1
DA:5,8
DA:7,8
DA:8,2
DA:9,2
DA:10,2
DA:11,2
DA:12,2
DA:14,0
DA:17,2
DA:20,8
LF:11
LH:10
BRF:0
BRH:0
end_of_record
